<?xml version="1.0" encoding="UTF-8"?>
<testng-results ignored="0" total="3" passed="3" failed="0" skipped="0">
  <reporter-output>
  </reporter-output>
  <suite started-at="2026-03-26T14:40:29 IST" name="Default suite" finished-at="2026-03-26T14:40:39 IST" duration-ms="9470">
    <groups>
    </groups>
    <test started-at="2026-03-26T14:40:29 IST" name="Default test" finished-at="2026-03-26T14:40:39 IST" duration-ms="9470">
      <class name="test.Dataprovider">
        <test-method is-config="true" signature="setup()[pri:0, instance:test.Dataprovider@7eac9008]" started-at="2026-03-26T14:40:29 IST" name="setup" finished-at="2026-03-26T14:40:34 IST" duration-ms="4765" status="PASS">
          <reporter-output>
          </reporter-output>
        </test-method> <!-- setup -->
        <test-method signature="testLogin(java.lang.String,java.lang.String)[pri:0, instance:test.Dataprovider@7eac9008]" started-at="2026-03-26T14:40:34 IST" name="testLogin" data-provider="loginData" finished-at="2026-03-26T14:40:36 IST" duration-ms="2518" status="PASS">
          <params>
            <param index="0">
              <value>
                <![CDATA[student]]>
              </value>
            </param>
            <param index="1">
              <value>
                <![CDATA[Password123]]>
              </value>
            </param>
          </params>
          <reporter-output>
          </reporter-output>
        </test-method> <!-- testLogin -->
        <test-method signature="testLogin(java.lang.String,java.lang.String)[pri:0, instance:test.Dataprovider@7eac9008]" started-at="2026-03-26T14:40:36 IST" name="testLogin" data-provider="loginData" finished-at="2026-03-26T14:40:37 IST" duration-ms="867" status="PASS">
          <params>
            <param index="0">
              <value>
                <![CDATA[wronguser]]>
              </value>
            </param>
            <param index="1">
              <value>
                <![CDATA[Password123]]>
              </value>
            </param>
          </params>
          <reporter-output>
          </reporter-output>
        </test-method> <!-- testLogin -->
        <test-method signature="testLogin(java.lang.String,java.lang.String)[pri:0, instance:test.Dataprovider@7eac9008]" started-at="2026-03-26T14:40:37 IST" name="testLogin" data-provider="loginData" finished-at="2026-03-26T14:40:38 IST" duration-ms="971" status="PASS">
          <params>
            <param index="0">
              <value>
                <![CDATA[student]]>
              </value>
            </param>
            <param index="1">
              <value>
                <![CDATA[wrongpass]]>
              </value>
            </param>
          </params>
          <reporter-output>
          </reporter-output>
        </test-method> <!-- testLogin -->
        <test-method is-config="true" signature="tearDown()[pri:0, instance:test.Dataprovider@7eac9008]" started-at="2026-03-26T14:40:38 IST" name="tearDown" finished-at="2026-03-26T14:40:39 IST" duration-ms="241" status="PASS">
          <reporter-output>
          </reporter-output>
        </test-method> <!-- tearDown -->
      </class> <!-- test.Dataprovider -->
    </test> <!-- Default test -->
  </suite> <!-- Default suite -->
</testng-results>
