<?xml version="1.0" encoding="UTF-8"?>
<!-- Generated by org.testng.reporters.JUnitXMLReporter -->
<testsuite ignored="0" hostname="LAPTOP-S3IB6MHI" failures="0" tests="3" name="Default test" time="9.47" errors="0" timestamp="2026-03-26T14:40:39 IST">
  <testcase classname="test.Dataprovider" name="testLogin" time="2.518"/>
  <testcase classname="test.Dataprovider" name="testLogin" time="0.867"/>
  <testcase classname="test.Dataprovider" name="testLogin" time="0.971"/>
</testsuite> <!-- Default test -->
