<?xml version="1.0" encoding="UTF-8"?>
<testng-results ignored="0" total="1" passed="1" failed="0" skipped="0">
  <reporter-output>
  </reporter-output>
  <suite started-at="2026-03-27T13:27:53 IST" name="Default suite" finished-at="2026-03-27T13:28:26 IST" duration-ms="32334">
    <groups>
    </groups>
    <test started-at="2026-03-27T13:27:53 IST" name="Default test" finished-at="2026-03-27T13:28:26 IST" duration-ms="32334">
      <class name="test.Pomlogintest">
        <test-method is-config="true" signature="setup()[pri:0, instance:test.Pomlogintest@3fc2959f]" started-at="2026-03-27T13:27:53 IST" name="setup" finished-at="2026-03-27T13:27:58 IST" duration-ms="4613" status="PASS">
          <reporter-output>
          </reporter-output>
        </test-method> <!-- setup -->
        <test-method signature="testLogin()[pri:0, instance:test.Pomlogintest@3fc2959f]" started-at="2026-03-27T13:27:58 IST" name="testLogin" finished-at="2026-03-27T13:28:25 IST" duration-ms="27335" status="PASS">
          <reporter-output>
          </reporter-output>
        </test-method> <!-- testLogin -->
        <test-method is-config="true" signature="tearDown()[pri:0, instance:test.Pomlogintest@3fc2959f]" started-at="2026-03-27T13:28:25 IST" name="tearDown" finished-at="2026-03-27T13:28:26 IST" duration-ms="278" status="PASS">
          <reporter-output>
          </reporter-output>
        </test-method> <!-- tearDown -->
      </class> <!-- test.Pomlogintest -->
    </test> <!-- Default test -->
  </suite> <!-- Default suite -->
</testng-results>
