<?xml version="1.0" encoding="UTF-8"?>
<!-- Generated by org.testng.reporters.JUnitReportReporter -->
<testsuite hostname="LAPTOP-S3IB6MHI" failures="0" tests="3" name="test.Dataprovider" time="2.254" errors="0" timestamp="2026-03-27T10:37:05 IST" skipped="0">
  <testcase classname="test.Dataprovider" name="testLogin" time="0.229"/>
  <testcase classname="test.Dataprovider" name="testLogin" time="0.308"/>
  <testcase classname="test.Dataprovider" name="testLogin" time="1.717"/>
</testsuite> <!-- test.Dataprovider -->
