<?xml version="1.0" encoding="UTF-8"?>
<!-- Generated by org.testng.reporters.JUnitReportReporter -->
<testsuite hostname="LAPTOP-S3IB6MHI" failures="0" tests="3" name="test.Dataprovider" time="4.356" errors="0" timestamp="2026-03-26T14:40:39 IST" skipped="0">
  <testcase classname="test.Dataprovider" name="testLogin" time="0.867"/>
  <testcase classname="test.Dataprovider" name="testLogin" time="0.971"/>
  <testcase classname="test.Dataprovider" name="testLogin" time="2.518"/>
</testsuite> <!-- test.Dataprovider -->
